POST | SUCCESS | 2024-03-01 15:15:01 | PingPong | PCDN API Ping Request Success! | 200
POST | SUCCESS | 2024-03-01 15:18:17 | PingPong | PCDN API Ping Request Success! | 200
POST | SUCCESS | 2024-03-01 15:19:02 | PingPong | PCDN API Ping Request Success! | 200
POST | SUCCESS | 2024-03-01 15:19:20 | PingPong | PCDN API Ping Request Success! | 200
POST | SUCCESS | 2024-03-01 16:30:23 | FILE | image.png | 200
POST | SUCCESS | 2024-03-01 16:31:01 | FILE | image.png | 200
POST | SUCCESS | 2024-03-01 16:31:23 | FILE | image.png | 200
POST | SUCCESS | 2024-03-01 16:32:23 | FILE | image.png | 200
POST | SUCCESS | 2024-03-01 16:34:10 | FILE | image.png | 200
POST | SUCCESS | 2024-03-01 16:35:12 | FILE | image.png | 200
POST | SUCCESS | 2024-03-01 16:41:11 | FILE | image.png | 200
POST | SUCCESS | 2024-03-01 16:42:19 | FILE | image.png | 200
POST | SUCCESS | 2024-03-01 16:53:00 | FILE | image.png | 200
POST | SUCCESS | 2024-03-01 16:53:37 | FILE | image.png | 200
POST | SUCCESS | 2024-03-01 16:55:21 | FILE | image.png | 200
POST | SUCCESS | 2024-03-01 16:56:05 | FILE | image.png | 200
POST | SUCCESS | 2024-03-01 16:56:22 | FILE | image.png | 200
POST | SUCCESS | 2024-03-01 16:56:57 | FILE | image.png | 200
POST | SUCCESS | 2024-03-01 17:05:15 | FILE | image.png | 200
POST | SUCCESS | 2024-03-01 17:05:32 | FILE | image.png | 200
POST | SUCCESS | 2024-03-01 17:06:15 | FILE | image.png | 200
POST | SUCCESS | 2024-03-01 17:09:58 | FILE | thesub.txt | 200
POST | SUCCESS | 2024-03-01 17:11:16 | FILE | thesub.txt | 200
POST | SUCCESS | 2024-03-01 17:11:46 | FILE | thesub.txt | 200
POST | SUCCESS | 2024-03-01 17:12:13 | FILE | thesub.txt | 200
POST | SUCCESS | 2024-03-01 17:15:01 | FILE | thesub.txt | 200
POST | SUCCESS | 2024-03-01 17:15:57 | FILE | thesub.txt | 200
POST | SUCCESS | 2024-03-01 17:16:15 | FILE | thesub.txt | 200
POST | SUCCESS | 2024-03-01 17:17:16 | FILE | thesub.txt | 200
POST | SUCCESS | 2024-03-01 17:18:13 | FILE | thesub.txt | 200
POST | SUCCESS | 2024-03-01 17:20:18 | FILE | thesub.txt | 200
POST | SUCCESS | 2024-03-01 17:21:06 | FILE | thesub.txt | 200
POST | SUCCESS | 2024-03-01 17:22:47 | FILE | image.png | 200
POST | SUCCESS | 2024-03-01 17:23:20 | FILE | image.png | 200
POST | SUCCESS | 2024-03-01 17:23:43 | FILE | thesub.txt | 200
POST | SUCCESS | 2024-03-01 17:27:19 | FILE | image.png | 200
POST | SUCCESS | 2024-03-01 17:32:22 | FILE | thesub.txt | 200
POST | SUCCESS | 2024-03-01 17:33:02 | FILE | thesub.txt | 200
POST | SUCCESS | 2024-03-01 17:33:31 | FILE | thesub.txt | 200
POST | SUCCESS | 2024-03-01 17:33:47 | FILE | thesub.txt | 200
POST | SUCCESS | 2024-03-01 17:35:23 | FILE | thesub.txt | 200
POST | SUCCESS | 2024-03-01 17:35:38 | FILE | thesub.txt | 200
POST | SUCCESS | 2024-03-01 17:35:44 | FILE | thesub.txt | 200
POST | SUCCESS | 2024-03-01 17:35:49 | FILE | thesub.txt | 200
POST | SUCCESS | 2024-03-01 17:36:29 | FILE | image.png | 200
POST | SUCCESS | 2024-03-01 17:36:53 | FILE | image.png | 200
POST | SUCCESS | 2024-03-01 17:39:02 | FILE | thesub.txt | 200
POST | SUCCESS | 2024-03-01 17:41:07 | FILE | thesub.txt | 200
POST | SUCCESS | 2024-03-01 17:44:37 | FILE | thesub.txt | 200
POST | SUCCESS | 2024-03-01 19:21:36 | FILE | thesub.txt | 200
POST | SUCCESS | 2024-03-01 19:37:50 | FILE | thesub.txt | 200
POST | SUCCESS | 2024-03-01 19:56:58 | FILE | image.png | 200
POST | SUCCESS | 2024-03-02 10:50:46 | UPLOAD | amarok.png | 200
POST | FAIL | 2024-03-02 12:04:33 | FILE | amarak.png | 404
POST | SUCCESS | 2024-03-02 12:05:27 | FILE | amarok.png | 200
POST | SUCCESS | 2024-03-06 17:35:23 | FILE | amarok.png | 200
POST | SUCCESS | 2024-03-06 18:25:23 | PingPong | PCDN API Ping Request Success! | 200 | 127.0.0.1
POST | SUCCESS | 2024-03-06 18:26:33 | PingPong | PCDN API Ping Request Success! | 200 | 127.0.0.1
POST | SUCCESS | 2024-03-06 18:45:53 | PingPong | PCDN API Ping Request Success! | 200 | IP 127.0.0.1
POST | SUCCESS | 2024-03-07 18:10:09 | PingPong | PCDN API Ping Request Success! | 200 | IP 172.17.0.1
POST | SUCCESS | 2024-03-25 21:08:20 | PingPong | PCDS API Ping Request Success! | 200 | IP 172.17.0.1
POST | SUCCESS | 2024-03-25 21:12:42 | FILE | image.png | 200 | IP 172.17.0.1
POST | SUCCESS | 2024-03-25 21:42:23 | UPLOAD | hello.txt | 200 | IP 172.17.0.1
